============================================================
  Generated by:           Genus(TM) Synthesis Solution 21.14-s082_1
  Generated on:           Jun 24 2026  01:52:01 pm
  Module:                 memory
  Operating conditions:   slow (balanced_tree)
  Wireload mode:          enclosed
  Area mode:              timing library
============================================================


Path 1: MET (4 ps) Setup Check with Pin mem_reg[10][14]/CK->E
          Group: clk
     Startpoint: (F) addr[13]
          Clock: (R) clk
       Endpoint: (R) mem_reg[10][14]/E
          Clock: (R) clk

                     Capture       Launch     
        Clock Edge:+    2000            0     
        Drv Adjust:+       0            0     
       Src Latency:+       0            0     
       Net Latency:+       0 (I)        0 (I) 
           Arrival:=    2000            0     
                                              
             Setup:-     342                  
       Uncertainty:-      10                  
     Required Time:=    1648                  
      Launch Clock:-       0                  
       Input Delay:-     400                  
         Data Path:-    1244                  
             Slack:=       4                  

Exceptions/Constraints:
  input_delay             400             input_constraint.sdc_line_12_2_1 

#-------------------------------------------------------------------------------------------
#   Timing Point    Flags   Arc   Edge   Cell     Fanout  Load Trans Delay Arrival Instance 
#                                                         (fF)  (ps)  (ps)   (ps)  Location 
#-------------------------------------------------------------------------------------------
  addr[13]          -       -     F     (arrival)      1   5.6     0     0     400    (-,-) 
  g18794__2883/Y    -       A->Y  R     NOR2X2         1   1.6    38    43     443    (-,-) 
  g18790__1617/Y    -       A->Y  F     NAND2XL        1   2.8    90    81     524    (-,-) 
  g18776__7410/Y    -       C->Y  R     NOR3X1         1   2.6   116   106     630    (-,-) 
  g18753__6260/Y    -       A->Y  F     NAND3X1        4   8.6   224   189     819    (-,-) 
  g18670__2346/Y    -       A->Y  R     NOR2XL         3   6.9   235   224    1043    (-,-) 
  g18575__1617/Y    -       A->Y  R     CLKAND2X2     32 163.2   684   601    1644    (-,-) 
  mem_reg[10][14]/E <<<     -     R     EDFFHQX1      32     -     -     0    1644    (-,-) 
#-------------------------------------------------------------------------------------------

