============================================================
  Generated by:           Genus(TM) Synthesis Solution 21.14-s082_1
  Generated on:           Jun 24 2026  01:52:01 pm
  Module:                 memory
  Operating conditions:   slow (balanced_tree)
  Wireload mode:          enclosed
  Area mode:              timing library
============================================================

                               
   Gate    Instances    Area   Library 
---------------------------------------
AND2X1            35   158.949    slow 
AND3X1             3    18.166    slow 
AND3X2             3    20.436    slow 
AOI21X1            1     4.541    slow 
AOI221XL          32   242.208    slow 
AOI22X1           88   532.858    slow 
AOI22XL           72   435.974    slow 
CLKAND2X2         13    68.878    slow 
CLKINVX1           8    18.166    slow 
DFFQX1            32   508.637    slow 
EDFFHQX1         352  7460.006    slow 
INVXL              1     2.271    slow 
NAND2XL           35   105.966    slow 
NAND3X1            2     9.083    slow 
NAND3X4            1    14.381    slow 
NAND4XL           32   169.546    slow 
NOR2BX1            2     9.083    slow 
NOR2X2             2    12.110    slow 
NOR2XL             9    27.248    slow 
NOR3X1             2     9.083    slow 
NOR4X1             1     6.055    slow 
---------------------------------------
total            726  9833.644         


                                         
     Type      Instances   Area   Area % 
-----------------------------------------
sequential           384 7968.643   81.0 
inverter               9   20.436    0.2 
logic                333 1844.565   18.8 
physical_cells         0    0.000    0.0 
-----------------------------------------
total                726 9833.644  100.0 

